<?xml version="1.0" encoding="UTF-8"?>
<coverage generated="1675091990673" clover="3.2.0">
  <project timestamp="1675091990673" name="All files">
    <metrics statements="29" coveredstatements="29" conditionals="12" coveredconditionals="12" methods="7" coveredmethods="7" elements="48" coveredelements="48" complexity="0" loc="29" ncloc="29" packages="1" files="3" classes="3"/>
    <file name="comparison.js" path="/mnt/c/Users/anton/Desktop/второй проект/frontend-project-46/src/comparison.js">
      <metrics statements="14" coveredstatements="14" conditionals="6" coveredconditionals="6" methods="2" coveredmethods="2"/>
      <line num="3" count="1" type="stmt"/>
      <line num="4" count="2" type="stmt"/>
      <line num="5" count="2" type="stmt"/>
      <line num="7" count="2" type="stmt"/>
      <line num="8" count="2" type="stmt"/>
      <line num="9" count="10" type="cond" truecount="2" falsecount="0"/>
      <line num="10" count="2" type="stmt"/>
      <line num="11" count="8" type="cond" truecount="2" falsecount="0"/>
      <line num="12" count="4" type="stmt"/>
      <line num="13" count="4" type="cond" truecount="2" falsecount="0"/>
      <line num="14" count="2" type="stmt"/>
      <line num="16" count="2" type="stmt"/>
      <line num="18" count="10" type="stmt"/>
      <line num="20" count="2" type="stmt"/>
    </file>
    <file name="index.js" path="/mnt/c/Users/anton/Desktop/второй проект/frontend-project-46/src/index.js">
      <metrics statements="9" coveredstatements="9" conditionals="0" coveredconditionals="0" methods="4" coveredmethods="4"/>
      <line num="6" count="6" type="stmt"/>
      <line num="7" count="6" type="stmt"/>
      <line num="8" count="6" type="stmt"/>
      <line num="10" count="1" type="stmt"/>
      <line num="11" count="3" type="stmt"/>
      <line num="12" count="3" type="stmt"/>
      <line num="13" count="3" type="stmt"/>
      <line num="14" count="3" type="stmt"/>
      <line num="15" count="2" type="stmt"/>
    </file>
    <file name="parses.js" path="/mnt/c/Users/anton/Desktop/второй проект/frontend-project-46/src/parses.js">
      <metrics statements="6" coveredstatements="6" conditionals="6" coveredconditionals="6" methods="1" coveredmethods="1"/>
      <line num="3" count="1" type="stmt"/>
      <line num="13" count="6" type="cond" truecount="4" falsecount="0"/>
      <line num="14" count="3" type="stmt"/>
      <line num="16" count="3" type="cond" truecount="2" falsecount="0"/>
      <line num="17" count="2" type="stmt"/>
      <line num="19" count="1" type="stmt"/>
    </file>
  </project>
</coverage>
