{"/mnt/c/Users/anton/Desktop/второй проект/frontend-project-46/src/buildTree.js": {"path":"/mnt/c/Users/anton/Desktop/второй проект/frontend-project-46/src/buildTree.js","statementMap":{"0":{"start":{"line":3,"column":18},"end":{"line":26,"column":1}},"1":{"start":{"line":4,"column":20},"end":{"line":4,"column":33}},"2":{"start":{"line":5,"column":20},"end":{"line":5,"column":33}},"3":{"start":{"line":6,"column":21},"end":{"line":6,"column":60}},"4":{"start":{"line":8,"column":2},"end":{"line":25,"column":5}},"5":{"start":{"line":9,"column":4},"end":{"line":11,"column":5}},"6":{"start":{"line":10,"column":6},"end":{"line":10,"column":56}},"7":{"start":{"line":12,"column":4},"end":{"line":14,"column":5}},"8":{"start":{"line":13,"column":6},"end":{"line":13,"column":58}},"9":{"start":{"line":15,"column":4},"end":{"line":17,"column":5}},"10":{"start":{"line":16,"column":6},"end":{"line":16,"column":80}},"11":{"start":{"line":18,"column":4},"end":{"line":22,"column":5}},"12":{"start":{"line":19,"column":6},"end":{"line":21,"column":8}},"13":{"start":{"line":24,"column":4},"end":{"line":24,"column":59}}},"fnMap":{"0":{"name":"(anonymous_0)","decl":{"start":{"line":3,"column":18},"end":{"line":3,"column":19}},"loc":{"start":{"line":3,"column":36},"end":{"line":26,"column":1}},"line":3},"1":{"name":"(anonymous_1)","decl":{"start":{"line":8,"column":24},"end":{"line":8,"column":25}},"loc":{"start":{"line":8,"column":33},"end":{"line":25,"column":3}},"line":8}},"branchMap":{"0":{"loc":{"start":{"line":9,"column":4},"end":{"line":11,"column":5}},"type":"if","locations":[{"start":{"line":9,"column":4},"end":{"line":11,"column":5}},{"start":{},"end":{}}],"line":9},"1":{"loc":{"start":{"line":12,"column":4},"end":{"line":14,"column":5}},"type":"if","locations":[{"start":{"line":12,"column":4},"end":{"line":14,"column":5}},{"start":{},"end":{}}],"line":12},"2":{"loc":{"start":{"line":15,"column":4},"end":{"line":17,"column":5}},"type":"if","locations":[{"start":{"line":15,"column":4},"end":{"line":17,"column":5}},{"start":{},"end":{}}],"line":15},"3":{"loc":{"start":{"line":15,"column":8},"end":{"line":15,"column":56}},"type":"binary-expr","locations":[{"start":{"line":15,"column":8},"end":{"line":15,"column":30}},{"start":{"line":15,"column":34},"end":{"line":15,"column":56}}],"line":15},"4":{"loc":{"start":{"line":18,"column":4},"end":{"line":22,"column":5}},"type":"if","locations":[{"start":{"line":18,"column":4},"end":{"line":22,"column":5}},{"start":{},"end":{}}],"line":18}},"s":{"0":1,"1":25,"2":25,"3":25,"4":25,"5":90,"6":25,"7":65,"8":10,"9":55,"10":20,"11":35,"12":20,"13":15},"f":{"0":25,"1":90},"b":{"0":[25,65],"1":[10,55],"2":[20,35],"3":[55,25],"4":[20,15]},"_coverageSchema":"1a1c01bbd47fc00a2c39e90264f33305004495a9","hash":"18fbb9f2e4c506368c7c0c861a780a3b95feb571"}
,"/mnt/c/Users/anton/Desktop/второй проект/frontend-project-46/src/index.js": {"path":"/mnt/c/Users/anton/Desktop/второй проект/frontend-project-46/src/index.js","statementMap":{"0":{"start":{"line":7,"column":24},"end":{"line":7,"column":60}},"1":{"start":{"line":7,"column":38},"end":{"line":7,"column":60}},"2":{"start":{"line":8,"column":16},"end":{"line":8,"column":63}},"3":{"start":{"line":8,"column":34},"end":{"line":8,"column":63}},"4":{"start":{"line":9,"column":21},"end":{"line":9,"column":57}},"5":{"start":{"line":9,"column":35},"end":{"line":9,"column":57}},"6":{"start":{"line":11,"column":16},"end":{"line":18,"column":1}},"7":{"start":{"line":12,"column":28},"end":{"line":12,"column":54}},"8":{"start":{"line":13,"column":28},"end":{"line":13,"column":54}},"9":{"start":{"line":14,"column":16},"end":{"line":14,"column":89}},"10":{"start":{"line":15,"column":16},"end":{"line":15,"column":89}},"11":{"start":{"line":16,"column":17},"end":{"line":16,"column":40}},"12":{"start":{"line":17,"column":2},"end":{"line":17,"column":35}}},"fnMap":{"0":{"name":"(anonymous_0)","decl":{"start":{"line":7,"column":24},"end":{"line":7,"column":25}},"loc":{"start":{"line":7,"column":38},"end":{"line":7,"column":60}},"line":7},"1":{"name":"(anonymous_1)","decl":{"start":{"line":8,"column":16},"end":{"line":8,"column":17}},"loc":{"start":{"line":8,"column":34},"end":{"line":8,"column":63}},"line":8},"2":{"name":"(anonymous_2)","decl":{"start":{"line":9,"column":21},"end":{"line":9,"column":22}},"loc":{"start":{"line":9,"column":35},"end":{"line":9,"column":57}},"line":9},"3":{"name":"(anonymous_3)","decl":{"start":{"line":11,"column":16},"end":{"line":11,"column":17}},"loc":{"start":{"line":11,"column":62},"end":{"line":18,"column":1}},"line":11}},"branchMap":{"0":{"loc":{"start":{"line":11,"column":39},"end":{"line":11,"column":57}},"type":"default-arg","locations":[{"start":{"line":11,"column":48},"end":{"line":11,"column":57}}],"line":11}},"s":{"0":1,"1":12,"2":1,"3":12,"4":1,"5":12,"6":1,"7":6,"8":6,"9":6,"10":6,"11":5,"12":5},"f":{"0":12,"1":12,"2":12,"3":6},"b":{"0":[3]},"_coverageSchema":"1a1c01bbd47fc00a2c39e90264f33305004495a9","hash":"32e78f4a14d5a7cd006a85b566572bf5eea25372"}
,"/mnt/c/Users/anton/Desktop/второй проект/frontend-project-46/src/parses.js": {"path":"/mnt/c/Users/anton/Desktop/второй проект/frontend-project-46/src/parses.js","statementMap":{"0":{"start":{"line":3,"column":21},"end":{"line":20,"column":1}},"1":{"start":{"line":4,"column":2},"end":{"line":12,"column":3}},"2":{"start":{"line":6,"column":6},"end":{"line":6,"column":37}},"3":{"start":{"line":9,"column":6},"end":{"line":9,"column":36}},"4":{"start":{"line":11,"column":6},"end":{"line":11,"column":92}}},"fnMap":{"0":{"name":"(anonymous_0)","decl":{"start":{"line":3,"column":21},"end":{"line":3,"column":22}},"loc":{"start":{"line":3,"column":49},"end":{"line":20,"column":1}},"line":3}},"branchMap":{"0":{"loc":{"start":{"line":4,"column":2},"end":{"line":12,"column":3}},"type":"switch","locations":[{"start":{"line":5,"column":4},"end":{"line":6,"column":37}},{"start":{"line":7,"column":4},"end":{"line":7,"column":16}},{"start":{"line":8,"column":4},"end":{"line":9,"column":36}},{"start":{"line":10,"column":4},"end":{"line":11,"column":92}}],"line":4}},"s":{"0":1,"1":12,"2":4,"3":7,"4":1},"f":{"0":12},"b":{"0":[4,4,7,1]},"_coverageSchema":"1a1c01bbd47fc00a2c39e90264f33305004495a9","hash":"6515e03ff1dee95f923d1e9fcee9cc0b6da7bdfb"}
,"/mnt/c/Users/anton/Desktop/второй проект/frontend-project-46/src/formatters/index.js": {"path":"/mnt/c/Users/anton/Desktop/второй проект/frontend-project-46/src/formatters/index.js","statementMap":{"0":{"start":{"line":4,"column":18},"end":{"line":13,"column":1}},"1":{"start":{"line":5,"column":2},"end":{"line":12,"column":3}},"2":{"start":{"line":7,"column":6},"end":{"line":7,"column":40}},"3":{"start":{"line":9,"column":6},"end":{"line":9,"column":38}},"4":{"start":{"line":11,"column":6},"end":{"line":11,"column":78}}},"fnMap":{"0":{"name":"(anonymous_0)","decl":{"start":{"line":4,"column":18},"end":{"line":4,"column":19}},"loc":{"start":{"line":4,"column":46},"end":{"line":13,"column":1}},"line":4}},"branchMap":{"0":{"loc":{"start":{"line":5,"column":2},"end":{"line":12,"column":3}},"type":"switch","locations":[{"start":{"line":6,"column":4},"end":{"line":7,"column":40}},{"start":{"line":8,"column":4},"end":{"line":9,"column":38}},{"start":{"line":10,"column":4},"end":{"line":11,"column":78}}],"line":5}},"s":{"0":1,"1":5,"2":2,"3":2,"4":1},"f":{"0":5},"b":{"0":[2,2,1]},"_coverageSchema":"1a1c01bbd47fc00a2c39e90264f33305004495a9","hash":"08a6920d6861cbf519caa85ab65b3e346cab71ce"}
,"/mnt/c/Users/anton/Desktop/второй проект/frontend-project-46/src/formatters/plain.js": {"path":"/mnt/c/Users/anton/Desktop/второй проект/frontend-project-46/src/formatters/plain.js","statementMap":{"0":{"start":{"line":3,"column":18},"end":{"line":9,"column":1}},"1":{"start":{"line":4,"column":2},"end":{"line":6,"column":3}},"2":{"start":{"line":5,"column":4},"end":{"line":5,"column":29}},"3":{"start":{"line":8,"column":2},"end":{"line":8,"column":50}},"4":{"start":{"line":11,"column":17},"end":{"line":33,"column":1}},"5":{"start":{"line":12,"column":15},"end":{"line":29,"column":4}},"6":{"start":{"line":12,"column":33},"end":{"line":29,"column":4}},"7":{"start":{"line":13,"column":17},"end":{"line":13,"column":48}},"8":{"start":{"line":15,"column":4},"end":{"line":28,"column":5}},"9":{"start":{"line":17,"column":8},"end":{"line":17,"column":83}},"10":{"start":{"line":19,"column":8},"end":{"line":19,"column":48}},"11":{"start":{"line":21,"column":8},"end":{"line":21,"column":18}},"12":{"start":{"line":23,"column":8},"end":{"line":23,"column":109}},"13":{"start":{"line":25,"column":8},"end":{"line":25,"column":56}},"14":{"start":{"line":27,"column":8},"end":{"line":27,"column":60}},"15":{"start":{"line":31,"column":20},"end":{"line":31,"column":34}},"16":{"start":{"line":32,"column":2},"end":{"line":32,"column":35}}},"fnMap":{"0":{"name":"(anonymous_0)","decl":{"start":{"line":3,"column":18},"end":{"line":3,"column":19}},"loc":{"start":{"line":3,"column":29},"end":{"line":9,"column":1}},"line":3},"1":{"name":"(anonymous_1)","decl":{"start":{"line":11,"column":17},"end":{"line":11,"column":18}},"loc":{"start":{"line":11,"column":27},"end":{"line":33,"column":1}},"line":11},"2":{"name":"(anonymous_2)","decl":{"start":{"line":12,"column":15},"end":{"line":12,"column":16}},"loc":{"start":{"line":12,"column":33},"end":{"line":29,"column":4}},"line":12},"3":{"name":"(anonymous_3)","decl":{"start":{"line":12,"column":46},"end":{"line":12,"column":47}},"loc":{"start":{"line":12,"column":56},"end":{"line":29,"column":3}},"line":12}},"branchMap":{"0":{"loc":{"start":{"line":4,"column":2},"end":{"line":6,"column":3}},"type":"if","locations":[{"start":{"line":4,"column":2},"end":{"line":6,"column":3}},{"start":{},"end":{}}],"line":4},"1":{"loc":{"start":{"line":8,"column":9},"end":{"line":8,"column":49}},"type":"cond-expr","locations":[{"start":{"line":8,"column":29},"end":{"line":8,"column":41}},{"start":{"line":8,"column":44},"end":{"line":8,"column":49}}],"line":8},"2":{"loc":{"start":{"line":15,"column":4},"end":{"line":28,"column":5}},"type":"switch","locations":[{"start":{"line":16,"column":6},"end":{"line":17,"column":83}},{"start":{"line":18,"column":6},"end":{"line":19,"column":48}},{"start":{"line":20,"column":6},"end":{"line":21,"column":18}},{"start":{"line":22,"column":6},"end":{"line":23,"column":109}},{"start":{"line":24,"column":6},"end":{"line":25,"column":56}},{"start":{"line":26,"column":6},"end":{"line":27,"column":60}}],"line":15}},"s":{"0":1,"1":26,"2":6,"3":20,"4":1,"5":2,"6":10,"7":36,"8":36,"9":10,"10":4,"11":6,"12":8,"13":8,"14":0,"15":2,"16":2},"f":{"0":26,"1":2,"2":10,"3":36},"b":{"0":[6,20],"1":[14,6],"2":[10,4,6,8,8,0]},"_coverageSchema":"1a1c01bbd47fc00a2c39e90264f33305004495a9","hash":"4747ead392c8bbb8cbf949677b41b92e3bbcb321"}
,"/mnt/c/Users/anton/Desktop/второй проект/frontend-project-46/src/formatters/stylish.js": {"path":"/mnt/c/Users/anton/Desktop/второй проект/frontend-project-46/src/formatters/stylish.js","statementMap":{"0":{"start":{"line":3,"column":18},"end":{"line":14,"column":1}},"1":{"start":{"line":4,"column":2},"end":{"line":6,"column":3}},"2":{"start":{"line":5,"column":4},"end":{"line":5,"column":21}},"3":{"start":{"line":8,"column":23},"end":{"line":8,"column":49}},"4":{"start":{"line":9,"column":27},"end":{"line":9,"column":49}},"5":{"start":{"line":10,"column":17},"end":{"line":11,"column":93}},"6":{"start":{"line":11,"column":27},"end":{"line":11,"column":92}},"7":{"start":{"line":13,"column":2},"end":{"line":13,"column":61}},"8":{"start":{"line":16,"column":13},"end":{"line":20,"column":1}},"9":{"start":{"line":22,"column":19},"end":{"line":47,"column":1}},"10":{"start":{"line":23,"column":15},"end":{"line":43,"column":4}},"11":{"start":{"line":23,"column":32},"end":{"line":43,"column":4}},"12":{"start":{"line":24,"column":19},"end":{"line":24,"column":41}},"13":{"start":{"line":25,"column":26},"end":{"line":25,"column":41}},"14":{"start":{"line":26,"column":20},"end":{"line":26,"column":112}},"15":{"start":{"line":26,"column":37},"end":{"line":26,"column":112}},"16":{"start":{"line":28,"column":4},"end":{"line":42,"column":5}},"17":{"start":{"line":30,"column":8},"end":{"line":30,"column":47}},"18":{"start":{"line":32,"column":8},"end":{"line":32,"column":49}},"19":{"start":{"line":34,"column":8},"end":{"line":34,"column":51}},"20":{"start":{"line":36,"column":8},"end":{"line":37,"column":60}},"21":{"start":{"line":39,"column":8},"end":{"line":39,"column":105}},"22":{"start":{"line":41,"column":8},"end":{"line":41,"column":60}},"23":{"start":{"line":45,"column":22},"end":{"line":45,"column":35}},"24":{"start":{"line":46,"column":2},"end":{"line":46,"column":47}}},"fnMap":{"0":{"name":"(anonymous_0)","decl":{"start":{"line":3,"column":18},"end":{"line":3,"column":19}},"loc":{"start":{"line":3,"column":45},"end":{"line":14,"column":1}},"line":3},"1":{"name":"(anonymous_1)","decl":{"start":{"line":11,"column":9},"end":{"line":11,"column":10}},"loc":{"start":{"line":11,"column":27},"end":{"line":11,"column":92}},"line":11},"2":{"name":"(anonymous_2)","decl":{"start":{"line":22,"column":19},"end":{"line":22,"column":20}},"loc":{"start":{"line":22,"column":48},"end":{"line":47,"column":1}},"line":22},"3":{"name":"(anonymous_3)","decl":{"start":{"line":23,"column":15},"end":{"line":23,"column":16}},"loc":{"start":{"line":23,"column":32},"end":{"line":43,"column":4}},"line":23},"4":{"name":"(anonymous_4)","decl":{"start":{"line":23,"column":41},"end":{"line":23,"column":42}},"loc":{"start":{"line":23,"column":51},"end":{"line":43,"column":3}},"line":23},"5":{"name":"(anonymous_5)","decl":{"start":{"line":26,"column":20},"end":{"line":26,"column":21}},"loc":{"start":{"line":26,"column":37},"end":{"line":26,"column":112}},"line":26}},"branchMap":{"0":{"loc":{"start":{"line":4,"column":2},"end":{"line":6,"column":3}},"type":"if","locations":[{"start":{"line":4,"column":2},"end":{"line":6,"column":3}},{"start":{},"end":{}}],"line":4},"1":{"loc":{"start":{"line":22,"column":26},"end":{"line":22,"column":43}},"type":"default-arg","locations":[{"start":{"line":22,"column":37},"end":{"line":22,"column":43}}],"line":22},"2":{"loc":{"start":{"line":28,"column":4},"end":{"line":42,"column":5}},"type":"switch","locations":[{"start":{"line":29,"column":6},"end":{"line":30,"column":47}},{"start":{"line":31,"column":6},"end":{"line":32,"column":49}},{"start":{"line":33,"column":6},"end":{"line":34,"column":51}},{"start":{"line":35,"column":6},"end":{"line":37,"column":60}},{"start":{"line":38,"column":6},"end":{"line":39,"column":105}},{"start":{"line":40,"column":6},"end":{"line":41,"column":60}}],"line":28}},"s":{"0":1,"1":54,"2":40,"3":14,"4":14,"5":14,"6":18,"7":14,"8":1,"9":1,"10":2,"11":10,"12":36,"13":36,"14":36,"15":36,"16":36,"17":10,"18":4,"19":6,"20":8,"21":8,"22":0,"23":2,"24":2},"f":{"0":54,"1":18,"2":2,"3":10,"4":36,"5":36},"b":{"0":[40,14],"1":[2],"2":[10,4,6,8,8,0]},"_coverageSchema":"1a1c01bbd47fc00a2c39e90264f33305004495a9","hash":"b0d13cfa573db8d56f773e231dac3b7f0408eb51"}
}
