TN:
SF:src/buildTree.js
FN:3,(anonymous_0)
FN:8,(anonymous_1)
FNF:2
FNH:2
FNDA:10,(anonymous_0)
FNDA:36,(anonymous_1)
DA:3,1
DA:4,10
DA:5,10
DA:6,10
DA:8,10
DA:9,36
DA:10,10
DA:12,26
DA:13,4
DA:15,22
DA:16,8
DA:18,14
DA:19,8
DA:24,6
LF:14
LH:14
BRDA:9,0,0,10
BRDA:9,0,1,26
BRDA:12,1,0,4
BRDA:12,1,1,22
BRDA:15,2,0,8
BRDA:15,2,1,14
BRDA:15,3,0,22
BRDA:15,3,1,10
BRDA:18,4,0,8
BRDA:18,4,1,6
BRF:10
BRH:10
end_of_record
TN:
SF:src/index.js
FN:7,(anonymous_0)
FN:8,(anonymous_1)
FN:9,(anonymous_2)
FN:11,(anonymous_3)
FNF:4
FNH:4
FNDA:6,(anonymous_0)
FNDA:6,(anonymous_1)
FNDA:6,(anonymous_2)
FNDA:3,(anonymous_3)
DA:7,6
DA:8,6
DA:9,6
DA:11,1
DA:12,3
DA:13,3
DA:14,3
DA:15,3
DA:16,2
DA:17,2
LF:10
LH:10
BRDA:11,0,0,3
BRF:1
BRH:1
end_of_record
TN:
SF:src/parses.js
FN:3,(anonymous_0)
FNF:1
FNH:1
FNDA:6,(anonymous_0)
DA:3,1
DA:4,6
DA:6,2
DA:9,3
DA:11,1
LF:5
LH:5
BRDA:4,0,0,2
BRDA:4,0,1,2
BRDA:4,0,2,3
BRDA:4,0,3,1
BRF:4
BRH:4
end_of_record
TN:
SF:src/formatters/index.js
FN:3,(anonymous_0)
FNF:1
FNH:1
FNDA:2,(anonymous_0)
DA:3,1
DA:4,2
DA:6,2
DA:8,0
LF:4
LH:3
BRDA:4,0,0,2
BRDA:4,0,1,0
BRF:2
BRH:1
end_of_record
TN:
SF:src/formatters/stylish.js
FN:3,(anonymous_0)
FN:11,(anonymous_1)
FN:22,(anonymous_2)
FN:23,(anonymous_3)
FN:23,(anonymous_4)
FN:26,(anonymous_5)
FNF:6
FNH:6
FNDA:54,(anonymous_0)
FNDA:18,(anonymous_1)
FNDA:2,(anonymous_2)
FNDA:10,(anonymous_3)
FNDA:36,(anonymous_4)
FNDA:36,(anonymous_5)
DA:3,1
DA:4,54
DA:5,40
DA:8,14
DA:9,14
DA:10,14
DA:11,18
DA:13,14
DA:16,1
DA:22,1
DA:23,10
DA:24,36
DA:25,36
DA:26,36
DA:28,36
DA:30,10
DA:32,4
DA:34,6
DA:36,8
DA:39,8
DA:41,0
DA:45,2
DA:46,2
LF:23
LH:22
BRDA:4,0,0,40
BRDA:4,0,1,14
BRDA:22,1,0,2
BRDA:28,2,0,10
BRDA:28,2,1,4
BRDA:28,2,2,6
BRDA:28,2,3,8
BRDA:28,2,4,8
BRDA:28,2,5,0
BRF:9
BRH:8
end_of_record
