TN:
SF:src/comparison.js
FN:3,(anonymous_0)
FN:8,(anonymous_1)
FNF:2
FNH:2
FNDA:2,(anonymous_0)
FNDA:10,(anonymous_1)
DA:3,1
DA:4,2
DA:5,2
DA:7,2
DA:8,2
DA:9,10
DA:10,2
DA:11,8
DA:12,4
DA:13,4
DA:14,2
DA:16,2
DA:18,10
DA:20,2
LF:14
LH:14
BRDA:9,0,0,2
BRDA:9,0,1,8
BRDA:11,1,0,4
BRDA:11,1,1,4
BRDA:13,2,0,2
BRDA:13,2,1,2
BRF:6
BRH:6
end_of_record
TN:
SF:src/index.js
FN:6,(anonymous_0)
FN:7,(anonymous_1)
FN:8,(anonymous_2)
FN:10,(anonymous_3)
FNF:4
FNH:4
FNDA:6,(anonymous_0)
FNDA:6,(anonymous_1)
FNDA:6,(anonymous_2)
FNDA:3,(anonymous_3)
DA:6,6
DA:7,6
DA:8,6
DA:10,1
DA:11,3
DA:12,3
DA:13,3
DA:14,3
DA:15,2
LF:9
LH:9
BRF:0
BRH:0
end_of_record
TN:
SF:src/parses.js
FN:3,(anonymous_0)
FNF:1
FNH:1
FNDA:6,(anonymous_0)
DA:3,1
DA:13,6
DA:14,3
DA:16,3
DA:17,2
DA:19,1
LF:6
LH:6
BRDA:13,0,0,3
BRDA:13,0,1,3
BRDA:13,1,0,6
BRDA:13,1,1,4
BRDA:16,2,0,2
BRDA:16,2,1,1
BRF:6
BRH:6
end_of_record
